#
# There is insufficient memory for the Java Runtime Environment to continue.
# Native memory allocation (malloc) failed to allocate 1005056 bytes for Chunk::new
# Possible reasons:
#   The system is out of physical RAM or swap space
#   In 32 bit mode, the process size limit was hit
# Possible solutions:
#   Reduce memory load on the system
#   Increase physical memory or swap space
#   Check if swap backing store is full
#   Use 64 bit Java on a 64 bit OS
#   Decrease Java heap size (-Xmx/-Xms)
#   Decrease number of Java threads
#   Decrease Java thread stack sizes (-Xss)
#   Set larger code cache with -XX:ReservedCodeCacheSize=
# This output file may be truncated or incomplete.
#
#  Out of Memory Error (allocation.cpp:390), pid=11156, tid=0x00000000000035d8
#
# JRE version: OpenJDK Runtime Environment (8.0_152-b02) (build 1.8.0_152-release-1024-b02)
# Java VM: OpenJDK 64-Bit Server VM (25.152-b02 mixed mode windows-amd64 compressed oops)
# Failed to write core dump. Minidumps are not enabled by default on client versions of Windows
#

---------------  T H R E A D  ---------------

Current thread (0x00000000166d2000):  JavaThread "C2 CompilerThread1" daemon [_thread_in_native, id=13784, stack(0x0000000017e20000,0x0000000017f20000)]

Stack: [0x0000000017e20000,0x0000000017f20000]
[error occurred during error reporting (printing stack bounds), id 0xc0000005]

Native frames: (J=compiled Java code, j=interpreted, Vv=VM code, C=native code)


Current CompileTask:
C2:   4585 1313       4       java.net.URLClassLoader$1::run (5 bytes)


---------------  P R O C E S S  ---------------

Java Threads: ( => current thread )
  0x0000000016708000 JavaThread "Cache worker for file hash cache (C:\Users\Vanessa\AndroidStudioProjects\after_school\DodoApp\DriverApp\.gradle\4.1\fileHashes)" [_thread_blocked, id=2780, stack(0x000000001c240000,0x000000001c340000)]
  0x0000000019b2e000 JavaThread "File lock request listener" [_thread_in_native, id=3780, stack(0x000000001af70000,0x000000001b070000)]
  0x0000000019ce3800 JavaThread "Cache worker for file hash cache (C:\Users\Vanessa\.gradle\caches\4.1\fileHashes)" [_thread_blocked, id=2240, stack(0x000000001ae70000,0x000000001af70000)]
  0x0000000019a8e800 JavaThread "Stdin handler" [_thread_blocked, id=14008, stack(0x000000001ad70000,0x000000001ae70000)]
  0x000000001934b800 JavaThread "Asynchronous log dispatcher for DefaultDaemonConnection: socket connection from /127.0.0.1:60863 to /127.0.0.1:60864" [_thread_blocked, id=10692, stack(0x000000001ac70000,0x000000001ad70000)]
  0x0000000019348000 JavaThread "Daemon worker" [_thread_in_Java, id=13404, stack(0x000000001ab70000,0x000000001ac70000)]
  0x000000001935d800 JavaThread "Cancel handler" [_thread_blocked, id=12180, stack(0x000000001aa70000,0x000000001ab70000)]
  0x00000000193c7000 JavaThread "Handler for socket connection from /127.0.0.1:60863 to /127.0.0.1:60864" [_thread_in_native, id=8840, stack(0x000000001a770000,0x000000001a870000)]
  0x0000000019936000 JavaThread "Daemon" [_thread_blocked, id=2428, stack(0x000000001a670000,0x000000001a770000)]
  0x00000000198be800 JavaThread "Daemon periodic checks" [_thread_blocked, id=2656, stack(0x000000001a570000,0x000000001a670000)]
  0x00000000194e8000 JavaThread "Incoming local TCP Connector on port 60863" [_thread_in_native, id=9524, stack(0x000000001a330000,0x000000001a430000)]
  0x0000000018046800 JavaThread "Service Thread" daemon [_thread_blocked, id=368, stack(0x0000000018420000,0x0000000018520000)]
  0x000000001670b000 JavaThread "C1 CompilerThread2" daemon [_thread_blocked, id=5660, stack(0x0000000017f20000,0x0000000018020000)]
=>0x00000000166d2000 JavaThread "C2 CompilerThread1" daemon [_thread_in_native, id=13784, stack(0x0000000017e20000,0x0000000017f20000)]
  0x00000000166d7000 JavaThread "C2 CompilerThread0" daemon [_thread_blocked, id=13684, stack(0x0000000017d20000,0x0000000017e20000)]
  0x00000000166d5800 JavaThread "Attach Listener" daemon [_thread_blocked, id=376, stack(0x0000000017c20000,0x0000000017d20000)]
  0x00000000166d4800 JavaThread "Signal Dispatcher" daemon [_thread_blocked, id=5140, stack(0x0000000017b20000,0x0000000017c20000)]
  0x0000000002d5c000 JavaThread "Finalizer" daemon [_thread_blocked, id=11704, stack(0x0000000017930000,0x0000000017a30000)]
  0x0000000002d51000 JavaThread "Reference Handler" daemon [_thread_blocked, id=9704, stack(0x0000000017830000,0x0000000017930000)]
  0x0000000002b5e800 JavaThread "main" [_thread_blocked, id=7876, stack(0x0000000002b60000,0x0000000002c60000)]

Other Threads:
  0x0000000016694800 VMThread [stack: 0x0000000017730000,0x0000000017830000] [id=7976]
  0x0000000018050000 WatcherThread [stack: 0x0000000018520000,0x0000000018620000] [id=11020]

VM state:not at safepoint (normal execution)

VM Mutex/Monitor currently owned by a thread: None

Heap:
 PSYoungGen      total 35328K, used 26293K [0x00000000e0000000, 0x00000000e2500000, 0x0000000100000000)
  eden space 32768K, 72% used [0x00000000e0000000,0x00000000e17314f0,0x00000000e2000000)
  from space 2560K, 99% used [0x00000000e2280000,0x00000000e24fc030,0x00000000e2500000)
  to   space 2560K, 0% used [0x00000000e2000000,0x00000000e2000000,0x00000000e2280000)
 ParOldGen       total 44032K, used 4167K [0x00000000a0000000, 0x00000000a2b00000, 0x00000000e0000000)
  object space 44032K, 9% used [0x00000000a0000000,0x00000000a0411cf0,0x00000000a2b00000)
 Metaspace       used 14607K, capacity 14960K, committed 15104K, reserved 1062912K
  class space    used 2047K, capacity 2186K, committed 2304K, reserved 1048576K

Card table byte_map: [0x0000000012120000,0x0000000012430000] byte_map_base: 0x0000000011c20000

Marking Bits: (ParMarkBitMap*) 0x0000000073334970
 Begin Bits: [0x0000000012a30000, 0x0000000014230000)
 End Bits:   [0x0000000014230000, 0x0000000015a30000)

Polling page: 0x0000000000d10000

CodeCache: size=245760Kb used=4951Kb max_used=4966Kb free=240808Kb
 bounds [0x0000000002d60000, 0x0000000003240000, 0x0000000011d60000]
 total_blobs=1771 nmethods=1404 adapters=280
 compilation: enabled

Compilation events (10 events):
Event: 4.563 Thread 0x000000001670b000 1399       1       java.util.concurrent.locks.AbstractOwnableSynchronizer::getExclusiveOwnerThread (5 bytes)
Event: 4.563 Thread 0x000000001670b000 nmethod 1399 0x0000000003231c90 code [0x0000000003231de0, 0x0000000003231ef0]
Event: 4.563 Thread 0x000000001670b000 1400       3       java.util.IdentityHashMap::hash (18 bytes)
Event: 4.564 Thread 0x000000001670b000 nmethod 1400 0x0000000003231910 code [0x0000000003231a80, 0x0000000003231c08]
Event: 4.565 Thread 0x000000001670b000 1401       3       java.util.regex.Pattern$Branch::match (66 bytes)
Event: 4.566 Thread 0x000000001670b000 nmethod 1401 0x0000000003231090 code [0x0000000003231220, 0x00000000032316f8]
Event: 4.576 Thread 0x000000001670b000 1403       3       sun.misc.ProxyGenerator$ConstantPool::getMethodRef (33 bytes)
Event: 4.577 Thread 0x000000001670b000 nmethod 1403 0x0000000003235110 code [0x00000000032353a0, 0x0000000003236148]
Event: 4.577 Thread 0x000000001670b000 1404       3       java.lang.reflect.Constructor::getParameterTypes (11 bytes)
Event: 4.578 Thread 0x000000001670b000 nmethod 1404 0x00000000032307d0 code [0x0000000003230940, 0x0000000003230c48]

GC Heap History (8 events):
Event: 1.328 GC heap before
{Heap before GC invocations=1 (full 0):
 PSYoungGen      total 18944K, used 16384K [0x00000000e0000000, 0x00000000e1500000, 0x0000000100000000)
  eden space 16384K, 100% used [0x00000000e0000000,0x00000000e1000000,0x00000000e1000000)
  from space 2560K, 0% used [0x00000000e1280000,0x00000000e1280000,0x00000000e1500000)
  to   space 2560K, 0% used [0x00000000e1000000,0x00000000e1000000,0x00000000e1280000)
 ParOldGen       total 44032K, used 0K [0x00000000a0000000, 0x00000000a2b00000, 0x00000000e0000000)
  object space 44032K, 0% used [0x00000000a0000000,0x00000000a0000000,0x00000000a2b00000)
 Metaspace       used 6202K, capacity 6350K, committed 6528K, reserved 1056768K
  class space    used 763K, capacity 843K, committed 896K, reserved 1048576K
Event: 1.334 GC heap after
Heap after GC invocations=1 (full 0):
 PSYoungGen      total 18944K, used 2544K [0x00000000e0000000, 0x00000000e1500000, 0x0000000100000000)
  eden space 16384K, 0% used [0x00000000e0000000,0x00000000e0000000,0x00000000e1000000)
  from space 2560K, 99% used [0x00000000e1000000,0x00000000e127c070,0x00000000e1280000)
  to   space 2560K, 0% used [0x00000000e1280000,0x00000000e1280000,0x00000000e1500000)
 ParOldGen       total 44032K, used 512K [0x00000000a0000000, 0x00000000a2b00000, 0x00000000e0000000)
  object space 44032K, 1% used [0x00000000a0000000,0x00000000a00801e8,0x00000000a2b00000)
 Metaspace       used 6202K, capacity 6350K, committed 6528K, reserved 1056768K
  class space    used 763K, capacity 843K, committed 896K, reserved 1048576K
}
Event: 1.690 GC heap before
{Heap before GC invocations=2 (full 0):
 PSYoungGen      total 18944K, used 18773K [0x00000000e0000000, 0x00000000e1500000, 0x0000000100000000)
  eden space 16384K, 99% used [0x00000000e0000000,0x00000000e0fd95c0,0x00000000e1000000)
  from space 2560K, 99% used [0x00000000e1000000,0x00000000e127c070,0x00000000e1280000)
  to   space 2560K, 0% used [0x00000000e1280000,0x00000000e1280000,0x00000000e1500000)
 ParOldGen       total 44032K, used 512K [0x00000000a0000000, 0x00000000a2b00000, 0x00000000e0000000)
  object space 44032K, 1% used [0x00000000a0000000,0x00000000a00801e8,0x00000000a2b00000)
 Metaspace       used 6887K, capacity 7054K, committed 7424K, reserved 1056768K
  class space    used 837K, capacity 907K, committed 1024K, reserved 1048576K
Event: 1.697 GC heap after
Heap after GC invocations=2 (full 0):
 PSYoungGen      total 18944K, used 2551K [0x00000000e0000000, 0x00000000e2500000, 0x0000000100000000)
  eden space 16384K, 0% used [0x00000000e0000000,0x00000000e0000000,0x00000000e1000000)
  from space 2560K, 99% used [0x00000000e1280000,0x00000000e14fdfb0,0x00000000e1500000)
  to   space 2560K, 0% used [0x00000000e1000000,0x00000000e1000000,0x00000000e1280000)
 ParOldGen       total 44032K, used 552K [0x00000000a0000000, 0x00000000a2b00000, 0x00000000e0000000)
  object space 44032K, 1% used [0x00000000a0000000,0x00000000a008a1e8,0x00000000a2b00000)
 Metaspace       used 6887K, capacity 7054K, committed 7424K, reserved 1056768K
  class space    used 837K, capacity 907K, committed 1024K, reserved 1048576K
}
Event: 2.321 GC heap before
{Heap before GC invocations=3 (full 0):
 PSYoungGen      total 18944K, used 18935K [0x00000000e0000000, 0x00000000e2500000, 0x0000000100000000)
  eden space 16384K, 100% used [0x00000000e0000000,0x00000000e1000000,0x00000000e1000000)
  from space 2560K, 99% used [0x00000000e1280000,0x00000000e14fdfb0,0x00000000e1500000)
  to   space 2560K, 0% used [0x00000000e1000000,0x00000000e1000000,0x00000000e1280000)
 ParOldGen       total 44032K, used 552K [0x00000000a0000000, 0x00000000a2b00000, 0x00000000e0000000)
  object space 44032K, 1% used [0x00000000a0000000,0x00000000a008a1e8,0x00000000a2b00000)
 Metaspace       used 8585K, capacity 8792K, committed 8960K, reserved 1056768K
  class space    used 1099K, capacity 1226K, committed 1280K, reserved 1048576K
Event: 2.327 GC heap after
Heap after GC invocations=3 (full 0):
 PSYoungGen      total 18944K, used 2528K [0x00000000e0000000, 0x00000000e2500000, 0x0000000100000000)
  eden space 16384K, 0% used [0x00000000e0000000,0x00000000e0000000,0x00000000e1000000)
  from space 2560K, 98% used [0x00000000e1000000,0x00000000e1278020,0x00000000e1280000)
  to   space 2560K, 0% used [0x00000000e2280000,0x00000000e2280000,0x00000000e2500000)
 ParOldGen       total 44032K, used 1512K [0x00000000a0000000, 0x00000000a2b00000, 0x00000000e0000000)
  object space 44032K, 3% used [0x00000000a0000000,0x00000000a017a2b8,0x00000000a2b00000)
 Metaspace       used 8585K, capacity 8792K, committed 8960K, reserved 1056768K
  class space    used 1099K, capacity 1226K, committed 1280K, reserved 1048576K
}
Event: 3.928 GC heap before
{Heap before GC invocations=4 (full 0):
 PSYoungGen      total 18944K, used 18912K [0x00000000e0000000, 0x00000000e2500000, 0x0000000100000000)
  eden space 16384K, 100% used [0x00000000e0000000,0x00000000e1000000,0x00000000e1000000)
  from space 2560K, 98% used [0x00000000e1000000,0x00000000e1278020,0x00000000e1280000)
  to   space 2560K, 0% used [0x00000000e2280000,0x00000000e2280000,0x00000000e2500000)
 ParOldGen       total 44032K, used 1512K [0x00000000a0000000, 0x00000000a2b00000, 0x00000000e0000000)
  object space 44032K, 3% used [0x00000000a0000000,0x00000000a017a2b8,0x00000000a2b00000)
 Metaspace       used 12375K, capacity 12716K, committed 12928K, reserved 1060864K
  class space    used 1669K, capacity 1800K, committed 1920K, reserved 1048576K
Event: 3.943 GC heap after
Heap after GC invocations=4 (full 0):
 PSYoungGen      total 35328K, used 2544K [0x00000000e0000000, 0x00000000e2500000, 0x0000000100000000)
  eden space 32768K, 0% used [0x00000000e0000000,0x00000000e0000000,0x00000000e2000000)
  from space 2560K, 99% used [0x00000000e2280000,0x00000000e24fc030,0x00000000e2500000)
  to   space 2560K, 0% used [0x00000000e2000000,0x00000000e2000000,0x00000000e2280000)
 ParOldGen       total 44032K, used 4167K [0x00000000a0000000, 0x00000000a2b00000, 0x00000000e0000000)
  object space 44032K, 9% used [0x00000000a0000000,0x00000000a0411cf0,0x00000000a2b00000)
 Metaspace       used 12375K, capacity 12716K, committed 12928K, reserved 1060864K
  class space    used 1669K, capacity 1800K, committed 1920K, reserved 1048576K
}

Deoptimization events (10 events):
Event: 2.066 Thread 0x0000000002b5e800 Uncommon trap: reason=unstable_if action=reinterpret pc=0x0000000002fbe0b4 method=java.util.HashMap.getNode(ILjava/lang/Object;)Ljava/util/HashMap$Node; @ 62
Event: 2.477 Thread 0x0000000002b5e800 Uncommon trap: reason=bimorphic action=maybe_recompile pc=0x00000000030849f4 method=java.util.HashMap.putVal(ILjava/lang/Object;Ljava/lang/Object;ZZ)Ljava/lang/Object; @ 203
Event: 2.790 Thread 0x0000000002b5e800 Uncommon trap: reason=unstable_if action=reinterpret pc=0x000000000309409c method=java.io.WinNTFileSystem.normalize(Ljava/lang/String;)Ljava/lang/String; @ 128
Event: 2.790 Thread 0x0000000002b5e800 Uncommon trap: reason=unstable_if action=reinterpret pc=0x000000000306856c method=java.io.WinNTFileSystem.normalize(Ljava/lang/String;II)Ljava/lang/String; @ 90
Event: 3.814 Thread 0x0000000019348000 Uncommon trap: reason=bimorphic action=maybe_recompile pc=0x0000000003084354 method=java.util.HashMap.putVal(ILjava/lang/Object;Ljava/lang/Object;ZZ)Ljava/lang/Object; @ 253
Event: 3.814 Thread 0x0000000019348000 Uncommon trap: reason=bimorphic action=maybe_recompile pc=0x0000000003084354 method=java.util.HashMap.putVal(ILjava/lang/Object;Ljava/lang/Object;ZZ)Ljava/lang/Object; @ 253
Event: 3.814 Thread 0x0000000019348000 Uncommon trap: reason=bimorphic action=maybe_recompile pc=0x0000000003084354 method=java.util.HashMap.putVal(ILjava/lang/Object;Ljava/lang/Object;ZZ)Ljava/lang/Object; @ 253
Event: 4.329 Thread 0x0000000019348000 Uncommon trap: reason=class_check action=maybe_recompile pc=0x0000000002fbff1c method=java.util.regex.Matcher.match(II)Z @ 86
Event: 4.329 Thread 0x0000000019348000 Uncommon trap: reason=class_check action=maybe_recompile pc=0x0000000002fbff1c method=java.util.regex.Matcher.match(II)Z @ 86
Event: 4.433 Thread 0x0000000019348000 Uncommon trap: reason=unstable_if action=reinterpret pc=0x00000000031d4db4 method=java.lang.String.lastIndexOf([CII[CIII)I @ 66

Classes redefined (0 events):
No events

Internal exceptions (10 events):
Event: 3.630 Thread 0x00000000193c7000 Exception <a 'java/lang/NoSuchMethodError': <clinit>> (0x00000000e0963fe0) thrown at [D:\src\AOSP-openjdk-cygwin\jdk8u\hotspot\src\share\vm\prims\jni.cpp, line 1613]
Event: 3.637 Thread 0x00000000193c7000 Exception <a 'java/lang/NoSuchMethodError': <clinit>> (0x00000000e0984ec0) thrown at [D:\src\AOSP-openjdk-cygwin\jdk8u\hotspot\src\share\vm\prims\jni.cpp, line 1613]
Event: 3.639 Thread 0x00000000193c7000 Exception <a 'java/lang/NoSuchMethodError': <clinit>> (0x00000000e099c990) thrown at [D:\src\AOSP-openjdk-cygwin\jdk8u\hotspot\src\share\vm\prims\jni.cpp, line 1613]
Event: 3.640 Thread 0x00000000193c7000 Exception <a 'java/lang/NoSuchMethodError': <clinit>> (0x00000000e09a54e0) thrown at [D:\src\AOSP-openjdk-cygwin\jdk8u\hotspot\src\share\vm\prims\jni.cpp, line 1613]
Event: 3.642 Thread 0x00000000193c7000 Exception <a 'java/lang/NoSuchMethodError': <clinit>> (0x00000000e09b6b28) thrown at [D:\src\AOSP-openjdk-cygwin\jdk8u\hotspot\src\share\vm\prims\jni.cpp, line 1613]
Event: 3.702 Thread 0x00000000193c7000 Exception <a 'java/lang/NoSuchMethodError': <clinit>> (0x00000000e0a3ba70) thrown at [D:\src\AOSP-openjdk-cygwin\jdk8u\hotspot\src\share\vm\prims\jni.cpp, line 1613]
Event: 3.736 Thread 0x00000000193c7000 Exception <a 'java/lang/NoSuchMethodError': <clinit>> (0x00000000e0a56548) thrown at [D:\src\AOSP-openjdk-cygwin\jdk8u\hotspot\src\share\vm\prims\jni.cpp, line 1613]
Event: 3.751 Thread 0x00000000193c7000 Exception <a 'java/lang/NoSuchMethodError': <clinit>> (0x00000000e0a79530) thrown at [D:\src\AOSP-openjdk-cygwin\jdk8u\hotspot\src\share\vm\prims\jni.cpp, line 1613]
Event: 3.792 Thread 0x0000000019348000 Exception <a 'java/lang/NoSuchMethodError': <clinit>> (0x00000000e0b1fd60) thrown at [D:\src\AOSP-openjdk-cygwin\jdk8u\hotspot\src\share\vm\prims\jni.cpp, line 1613]
Event: 3.793 Thread 0x0000000019348000 Exception <a 'java/lang/NoSuchMethodError': <clinit>> (0x00000000e0b27fe8) thrown at [D:\src\AOSP-openjdk-cygwin\jdk8u\hotspot\src\share\vm\prims\jni.cpp, line 1613]

Events (10 events):
Event: 4.577 loading class org/gradle/groovy/scripts/DefaultScriptCompilerFactory
Event: 4.577 loading class org/gradle/groovy/scripts/DefaultScriptCompilerFactory done
Event: 4.578 loading class org/gradle/groovy/scripts/ScriptCompiler
Event: 4.578 loading class org/gradle/groovy/scripts/ScriptCompiler done
Event: 4.578 loading class org/gradle/groovy/scripts/internal/BuildScopeInMemoryCachingScriptClassCompiler
Event: 4.578 loading class org/gradle/groovy/scripts/internal/BuildScopeInMemoryCachingScriptClassCompiler done
Event: 4.579 loading class org/gradle/groovy/scripts/internal/DefaultScriptRunnerFactory
Event: 4.579 loading class org/gradle/groovy/scripts/internal/DefaultScriptRunnerFactory done
Event: 4.580 loading class org/gradle/groovy/scripts/ScriptRunner
Event: 4.580 loading class org/gradle/groovy/scripts/ScriptRunner done


Dynamic libraries:
0x00007ff6e17a0000 - 0x00007ff6e17d1000 	C:\Program Files\Android\Android Studio\jre\bin\java.exe
0x00007ffc61140000 - 0x00007ffc61321000 	C:\WINDOWS\SYSTEM32\ntdll.dll
0x00007ffc5e800000 - 0x00007ffc5e8b2000 	C:\WINDOWS\System32\KERNEL32.DLL
0x00007ffc5dff0000 - 0x00007ffc5e263000 	C:\WINDOWS\System32\KERNELBASE.dll
0x00007ffc5e5d0000 - 0x00007ffc5e671000 	C:\WINDOWS\System32\ADVAPI32.dll
0x00007ffc5ed20000 - 0x00007ffc5edbe000 	C:\WINDOWS\System32\msvcrt.dll
0x00007ffc60c60000 - 0x00007ffc60cbb000 	C:\WINDOWS\System32\sechost.dll
0x00007ffc60cc0000 - 0x00007ffc60de4000 	C:\WINDOWS\System32\RPCRT4.dll
0x00007ffc605a0000 - 0x00007ffc60730000 	C:\WINDOWS\System32\USER32.dll
0x00007ffc5e5b0000 - 0x00007ffc5e5d0000 	C:\WINDOWS\System32\win32u.dll
0x00007ffc60c30000 - 0x00007ffc60c58000 	C:\WINDOWS\System32\GDI32.dll
0x00007ffc5dcd0000 - 0x00007ffc5de62000 	C:\WINDOWS\System32\gdi32full.dll
0x00007ffc5e320000 - 0x00007ffc5e3bf000 	C:\WINDOWS\System32\msvcp_win.dll
0x00007ffc5de70000 - 0x00007ffc5df6a000 	C:\WINDOWS\System32\ucrtbase.dll
0x00007ffc4df20000 - 0x00007ffc4e189000 	C:\WINDOWS\WinSxS\amd64_microsoft.windows.common-controls_6595b64144ccf1df_6.0.17134.112_none_fb3f961b30681c12\COMCTL32.dll
0x00007ffc5edc0000 - 0x00007ffc5f0e3000 	C:\WINDOWS\System32\combase.dll
0x00007ffc5df70000 - 0x00007ffc5dfea000 	C:\WINDOWS\System32\bcryptPrimitives.dll
0x00007ffc610e0000 - 0x00007ffc6110d000 	C:\WINDOWS\System32\IMM32.DLL
0x0000000072a90000 - 0x0000000072b62000 	C:\Program Files\Android\Android Studio\jre\jre\bin\msvcr100.dll
0x0000000072b70000 - 0x00000000733af000 	C:\Program Files\Android\Android Studio\jre\jre\bin\server\jvm.dll
0x00007ffc5ed10000 - 0x00007ffc5ed18000 	C:\WINDOWS\System32\PSAPI.DLL
0x00007ffc4e190000 - 0x00007ffc4e19a000 	C:\WINDOWS\SYSTEM32\VERSION.dll
0x00007ffc5ac20000 - 0x00007ffc5ac43000 	C:\WINDOWS\SYSTEM32\WINMM.dll
0x00007ffc5c070000 - 0x00007ffc5c079000 	C:\WINDOWS\SYSTEM32\WSOCK32.dll
0x00007ffc608f0000 - 0x00007ffc6095c000 	C:\WINDOWS\System32\WS2_32.dll
0x00007ffc5abf0000 - 0x00007ffc5ac1a000 	C:\WINDOWS\SYSTEM32\winmmbase.dll
0x00007ffc5e270000 - 0x00007ffc5e2b9000 	C:\WINDOWS\System32\cfgmgr32.dll
0x00007ffc59b30000 - 0x00007ffc59b3f000 	C:\Program Files\Android\Android Studio\jre\jre\bin\verify.dll
0x00007ffc59b00000 - 0x00007ffc59b29000 	C:\Program Files\Android\Android Studio\jre\jre\bin\java.dll
0x00007ffc572c0000 - 0x00007ffc572d6000 	C:\Program Files\Android\Android Studio\jre\jre\bin\zip.dll
0x00007ffc5f150000 - 0x00007ffc60590000 	C:\WINDOWS\System32\SHELL32.dll
0x00007ffc609c0000 - 0x00007ffc60a69000 	C:\WINDOWS\System32\shcore.dll
0x00007ffc5d510000 - 0x00007ffc5dc1d000 	C:\WINDOWS\System32\windows.storage.dll
0x00007ffc60890000 - 0x00007ffc608e1000 	C:\WINDOWS\System32\shlwapi.dll
0x00007ffc5d470000 - 0x00007ffc5d481000 	C:\WINDOWS\System32\kernel.appcore.dll
0x00007ffc5d4f0000 - 0x00007ffc5d50f000 	C:\WINDOWS\System32\profapi.dll
0x00007ffc5d4a0000 - 0x00007ffc5d4ec000 	C:\WINDOWS\System32\powrprof.dll
0x00007ffc5d490000 - 0x00007ffc5d49a000 	C:\WINDOWS\System32\FLTLIB.DLL
0x00007ffc55c40000 - 0x00007ffc55c5a000 	C:\Program Files\Android\Android Studio\jre\jre\bin\net.dll
0x00007ffc5ccd0000 - 0x00007ffc5cd36000 	C:\WINDOWS\system32\mswsock.dll
0x00007ffc55c20000 - 0x00007ffc55c31000 	C:\Program Files\Android\Android Studio\jre\jre\bin\nio.dll
0x00007ffc471c0000 - 0x00007ffc471de000 	C:\Users\Vanessa\.gradle\native\25\windows-amd64\native-platform.dll
0x00007ffc59a10000 - 0x00007ffc59a1d000 	C:\Program Files\Android\Android Studio\jre\jre\bin\management.dll
0x00007ffc5ce80000 - 0x00007ffc5ce97000 	C:\WINDOWS\SYSTEM32\CRYPTSP.dll
0x00007ffc5c8b0000 - 0x00007ffc5c8e3000 	C:\WINDOWS\system32\rsaenh.dll
0x00007ffc5cfb0000 - 0x00007ffc5cfd5000 	C:\WINDOWS\SYSTEM32\bcrypt.dll
0x00007ffc5d380000 - 0x00007ffc5d3a8000 	C:\WINDOWS\SYSTEM32\USERENV.dll
0x00007ffc5cea0000 - 0x00007ffc5ceab000 	C:\WINDOWS\SYSTEM32\CRYPTBASE.dll
0x00007ffc5ca50000 - 0x00007ffc5ca88000 	C:\WINDOWS\SYSTEM32\IPHLPAPI.DLL
0x00007ffc610d0000 - 0x00007ffc610d8000 	C:\WINDOWS\System32\NSI.dll
0x00007ffc530e0000 - 0x00007ffc530f6000 	C:\WINDOWS\SYSTEM32\dhcpcsvc6.DLL
0x00007ffc530c0000 - 0x00007ffc530da000 	C:\WINDOWS\SYSTEM32\dhcpcsvc.DLL

VM Arguments:
jvm_args: -Xmx1536m -Dfile.encoding=windows-1252 -Duser.country=GB -Duser.language=en -Duser.variant 
java_command: org.gradle.launcher.daemon.bootstrap.GradleDaemon 4.1
java_class_path (initial): C:\Users\Vanessa\.gradle\wrapper\dists\gradle-4.1-all\bzyivzo6n839fup2jbap0tjew\gradle-4.1\lib\gradle-launcher-4.1.jar
Launcher Type: SUN_STANDARD

Environment Variables:
PATH=C:\ProgramData\Oracle\Java\javapath;C:\Program Files (x86)\Intel\iCLS Client\;C:\Program Files\Intel\iCLS Client\;C:\WINDOWS\system32;C:\WINDOWS;C:\WINDOWS\System32\Wbem;C:\WINDOWS\System32\WindowsPowerShell\v1.0\;C:\Program Files (x86)\Intel\Intel(R) Management Engine Components\DAL;C:\Program Files\Intel\Intel(R) Management Engine Components\DAL;C:\Program Files (x86)\Intel\Intel(R) Management Engine Components\IPT;C:\Program Files\Intel\Intel(R) Management Engine Components\IPT;C:\Program Files\Git\cmd;C:\Program Files\nodejs\;C:\WINDOWS\System32\OpenSSH\;C:\Users\Vanessa\AppData\Local\Microsoft\WindowsApps;C:\Users\Vanessa\AppData\Roaming\npm;
USERNAME=Vanessa
OS=Windows_NT
PROCESSOR_IDENTIFIER=Intel64 Family 6 Model 61 Stepping 4, GenuineIntel



---------------  S Y S T E M  ---------------

OS: Windows 10.0 , 64 bit Build 17134 (10.0.17134.1)

CPU:total 4 (initial active 4) (2 cores per cpu, 2 threads per core) family 6 model 61 stepping 4, cmov, cx8, fxsr, mmx, sse, sse2, sse3, ssse3, sse4.1, sse4.2, popcnt, avx, avx2, aes, clmul, erms, 3dnowpref, lzcnt, ht, tsc, tscinvbit, bmi1, bmi2, adx

Memory: 4k page, physical 4093376k(687672k free), swap 10311104k(4504k free)

vm_info: OpenJDK 64-Bit Server VM (25.152-b02) for windows-amd64 JRE (1.8.0_152-release-1024-b02), built by "builder" with MS VC++ 10.0 (VS2010)

time: Tue Jul 10 07:54:27 2018
elapsed time: 4 seconds (0d 0h 0m 4s)

